#
# There is insufficient memory for the Java Runtime Environment to continue.
# Native memory allocation (malloc) failed to allocate 1048576 bytes for AllocateHeap
# Possible reasons:
#   The system is out of physical RAM or swap space
#   The process is running with CompressedOops enabled, and the Java Heap may be blocking the growth of the native heap
# Possible solutions:
#   Reduce memory load on the system
#   Increase physical memory or swap space
#   Check if swap backing store is full
#   Decrease Java heap size (-Xmx/-Xms)
#   Decrease number of Java threads
#   Decrease Java thread stack sizes (-Xss)
#   Set larger code cache with -XX:ReservedCodeCacheSize=
#   JVM is running with Unscaled Compressed Oops mode in which the Java heap is
#     placed in the first 4GB address space. The Java Heap base address is the
#     maximum limit for the native heap growth. Please use -XX:HeapBaseMinAddress
#     to set the Java Heap base and to place the Java Heap above 4GB virtual address.
# This output file may be truncated or incomplete.
#
#  Out of Memory Error (./src/hotspot/share/memory/allocation.cpp:46), pid=2884, tid=17584
#
# JRE version:  (11.0.13) (build )
# Java VM: OpenJDK 64-Bit Server VM (11.0.13+0-b1751.21-8125866, mixed mode, sharing, tiered, compressed oops, g1 gc, windows-amd64)
# No core dump will be written. Minidumps are not enabled by default on client versions of Windows
#

---------------  S U M M A R Y ------------

Command Line: 

Host: Intel(R) Core(TM) i5-8265U CPU @ 1.60GHz, 8 cores, 7G,  Windows 11 , 64 bit Build 22621 (10.0.22621.755)
Time: Tue Nov 29 14:06:20 2022 India Standard Time elapsed time: 0.016152 seconds (0d 0h 0m 0s)

---------------  T H R E A D  ---------------

Current thread (0x000002011e958800):  JavaThread "Unknown thread" [_thread_in_vm, id=17584, stack(0x000000923c400000,0x000000923c500000)]

Stack: [0x000000923c400000,0x000000923c500000]
Native frames: (J=compiled Java code, j=interpreted, Vv=VM code, C=native code)
V  [jvm.dll+0x6100fa]
V  [jvm.dll+0x747090]
V  [jvm.dll+0x7486ad]
V  [jvm.dll+0x748d83]
V  [jvm.dll+0x24ab48]
V  [jvm.dll+0xb7984]
V  [jvm.dll+0x2df5d8]
V  [jvm.dll+0x7242d7]
V  [jvm.dll+0x725adc]
V  [jvm.dll+0x364629]
V  [jvm.dll+0x707cee]
V  [jvm.dll+0x3d2633]
V  [jvm.dll+0x3d4a21]
C  [jli.dll+0x536b]
C  [ucrtbase.dll+0x29363]
C  [KERNEL32.DLL+0x1244d]
C  [ntdll.dll+0x5dfb8]


---------------  P R O C E S S  ---------------

Threads class SMR info:
_java_thread_list=0x000002011c751fb0, length=0, elements={
}

Java Threads: ( => current thread )

Other Threads:

=>0x000002011e958800 (exited) JavaThread "Unknown thread" [_thread_in_vm, id=17584, stack(0x000000923c400000,0x000000923c500000)]

Threads with active compile tasks:

VM state:not at safepoint (not fully initialized)

VM Mutex/Monitor currently owned by a thread: None


[error occurred during error reporting (printing compressed oops mode), id 0xc0000005, EXCEPTION_ACCESS_VIOLATION (0xc0000005) at pc=0x00007ffa97025127]

GC Heap History (0 events):
No events

Deoptimization events (0 events):
No events

Classes redefined (0 events):
No events

Internal exceptions (0 events):
No events

Events (1 events):
Event: 0.010 Loaded shared library C:\Program Files\Android\Android Studio\jre\bin\zip.dll


Dynamic libraries:
0x00007ff7070a0000 - 0x00007ff7070aa000 	C:\Program Files\Android\Android Studio\jre\bin\java.EXE
0x00007ffaf0210000 - 0x00007ffaf0424000 	C:\WINDOWS\SYSTEM32\ntdll.dll
0x00007ffaee880000 - 0x00007ffaee942000 	C:\WINDOWS\System32\KERNEL32.DLL
0x00007ffaed940000 - 0x00007ffaedcdd000 	C:\WINDOWS\System32\KERNELBASE.dll
0x00007ffaed820000 - 0x00007ffaed931000 	C:\WINDOWS\System32\ucrtbase.dll
0x00007ffada810000 - 0x00007ffada827000 	C:\Program Files\Android\Android Studio\jre\bin\VCRUNTIME140.dll
0x00007ffada830000 - 0x00007ffada849000 	C:\Program Files\Android\Android Studio\jre\bin\jli.dll
0x00007ffaefd70000 - 0x00007ffaeff1a000 	C:\WINDOWS\System32\USER32.dll
0x00007ffaedce0000 - 0x00007ffaedd06000 	C:\WINDOWS\System32\win32u.dll
0x00007ffad9800000 - 0x00007ffad9a8e000 	C:\WINDOWS\WinSxS\amd64_microsoft.windows.common-controls_6595b64144ccf1df_6.0.22621.608_none_a9444ca7c10bb01d\COMCTL32.dll
0x00007ffaeffd0000 - 0x00007ffaefff9000 	C:\WINDOWS\System32\GDI32.dll
0x00007ffaef0d0000 - 0x00007ffaef177000 	C:\WINDOWS\System32\msvcrt.dll
0x00007ffaedef0000 - 0x00007ffaee002000 	C:\WINDOWS\System32\gdi32full.dll
0x00007ffaeddd0000 - 0x00007ffaede6a000 	C:\WINDOWS\System32\msvcp_win.dll
0x00007ffaf00e0000 - 0x00007ffaf0112000 	C:\WINDOWS\System32\IMM32.DLL
0x00007ffada770000 - 0x00007ffada80d000 	C:\Program Files\Android\Android Studio\jre\bin\msvcp140.dll
0x00007ffa96900000 - 0x00007ffa97402000 	C:\Program Files\Android\Android Studio\jre\bin\server\jvm.dll
0x00007ffaf0120000 - 0x00007ffaf01ce000 	C:\WINDOWS\System32\ADVAPI32.dll
0x00007ffaeff20000 - 0x00007ffaeffc4000 	C:\WINDOWS\System32\sechost.dll
0x00007ffaeed80000 - 0x00007ffaeee95000 	C:\WINDOWS\System32\RPCRT4.dll
0x00007ffaee870000 - 0x00007ffaee878000 	C:\WINDOWS\System32\PSAPI.DLL
0x00007ffaada80000 - 0x00007ffaada89000 	C:\WINDOWS\SYSTEM32\WSOCK32.dll
0x00007ffaee7f0000 - 0x00007ffaee861000 	C:\WINDOWS\System32\WS2_32.dll
0x00007ffae6720000 - 0x00007ffae6754000 	C:\WINDOWS\SYSTEM32\WINMM.dll
0x00007ffaeb280000 - 0x00007ffaeb28a000 	C:\WINDOWS\SYSTEM32\VERSION.dll
0x00007ffaec620000 - 0x00007ffaec638000 	C:\WINDOWS\SYSTEM32\kernel.appcore.dll
0x00007ffa98c90000 - 0x00007ffa98ca1000 	C:\Program Files\Android\Android Studio\jre\bin\verify.dll
0x00007ffae8ea0000 - 0x00007ffae90ce000 	C:\WINDOWS\SYSTEM32\DBGHELP.DLL
0x00007ffaee960000 - 0x00007ffaeecea000 	C:\WINDOWS\System32\combase.dll
0x00007ffaf0000000 - 0x00007ffaf00d7000 	C:\WINDOWS\System32\OLEAUT32.dll
0x00007ffad0f20000 - 0x00007ffad0f52000 	C:\WINDOWS\SYSTEM32\dbgcore.DLL
0x00007ffaede70000 - 0x00007ffaedeeb000 	C:\WINDOWS\System32\bcryptPrimitives.dll
0x00007ffa98c60000 - 0x00007ffa98c89000 	C:\Program Files\Android\Android Studio\jre\bin\java.dll
0x00007ffaad8d0000 - 0x00007ffaad8db000 	C:\Program Files\Android\Android Studio\jre\bin\jimage.dll
0x00007ffa98c40000 - 0x00007ffa98c58000 	C:\Program Files\Android\Android Studio\jre\bin\zip.dll

dbghelp: loaded successfully - version: 4.0.5 - missing functions: none
symbol engine: initialized successfully - sym options: 0x614 - pdb path: .;C:\Program Files\Android\Android Studio\jre\bin;C:\WINDOWS\SYSTEM32;C:\WINDOWS\WinSxS\amd64_microsoft.windows.common-controls_6595b64144ccf1df_6.0.22621.608_none_a9444ca7c10bb01d;C:\Program Files\Android\Android Studio\jre\bin\server

VM Arguments:
java_command: <unknown>
java_class_path (initial): <not set>
Launcher Type: SUN_STANDARD

[Global flags]
     intx CICompilerCount                          = 4                                         {product} {ergonomic}
     uint G1ConcRefinementThreads                  = 8                                         {product} {ergonomic}
   size_t G1HeapRegionSize                         = 1048576                                   {product} {ergonomic}
    uintx GCDrainStackTargetSize                   = 64                                        {product} {ergonomic}
   size_t InitialHeapSize                          = 132120576                                 {product} {ergonomic}
   size_t MaxHeapSize                              = 2109734912                                {product} {ergonomic}
   size_t MinHeapDeltaBytes                        = 1048576                                   {product} {ergonomic}
    uintx NonNMethodCodeHeapSize                   = 5836300                                {pd product} {ergonomic}
    uintx NonProfiledCodeHeapSize                  = 122910970                              {pd product} {ergonomic}
    uintx ProfiledCodeHeapSize                     = 122910970                              {pd product} {ergonomic}
    uintx ReservedCodeCacheSize                    = 251658240                              {pd product} {ergonomic}
     bool SegmentedCodeCache                       = true                                      {product} {ergonomic}
     bool UseCompressedClassPointers               = true                                 {lp64_product} {ergonomic}
     bool UseCompressedOops                        = true                                 {lp64_product} {ergonomic}
     bool UseG1GC                                  = true                                      {product} {ergonomic}
     bool UseLargePagesIndividualAllocation        = false                                  {pd product} {ergonomic}

Logging:
Log output configuration:
 #0: stdout all=warning uptime,level,tags
 #1: stderr all=off uptime,level,tags

Environment Variables:
PATH=C:\Program Files\Common Files\Oracle\Java\javapath;C:\Windows\system32;C:\Windows;C:\Windows\System32\Wbem;C:\Windows\System32\WindowsPowerShell\v1.0\;C:\Windows\System32\OpenSSH\;C:\Program Files (x86)\NVIDIA Corporation\PhysX\Common;C:\Program Files\Intel\WiFi\bin\;C:\Program Files\Common Files\Intel\WirelessCommon\;C:\WINDOWS\system32;C:\WINDOWS;C:\WINDOWS\System32\Wbem;C:\WINDOWS\System32\WindowsPowerShell\v1.0\;C:\WINDOWS\System32\OpenSSH\;C:\MinGW\bin;C:\Program Files\NVIDIA Corporation\NVIDIA NvDLISR;C:\Program Files\Java\jdk-15.0.2\bin;C:\Program Files\Git\cmd;;C:\WINDOWS\system32;C:\WINDOWS;C:\WINDOWS\System32\Wbem;C:\WINDOWS\System32\WindowsPowerShell\v1.0\;C:\WINDOWS\System32\OpenSSH\;C:\Program Files\nodejs\;C:\Users\91720\AppData\Local\Programs\Python\Python38-32\Scripts\;C:\Users\91720\AppData\Local\Programs\Python\Python38-32\;C:\Users\91720\AppData\Local\Microsoft\WindowsApps;C:\Users\91720\AppData\Local\Programs\Microsoft VS Code\bin;C:\MinGW\bin;C:\Program Files\JetBrains\IntelliJ IDEA Community Edition 2020.3.2\bin;;C:\src\flutter\flutter\bin;C:\Program Files\Java\jdk-15.0.2\bin;C:\Users\91720\AppData\Roaming\npm;C:\dart-sdk\bin;C:\Program Files\sfdx\bin;;C:\src\flutter\flutter\bin\mingit\cmd
USERNAME=91720
OS=Windows_NT
PROCESSOR_IDENTIFIER=Intel64 Family 6 Model 142 Stepping 12, GenuineIntel



---------------  S Y S T E M  ---------------

OS: Windows 11 , 64 bit Build 22621 (10.0.22621.755)
OS uptime: 0 days 1:48 hours
Hyper-V role detected

CPU:total 8 (initial active 8) (4 cores per cpu, 2 threads per core) family 6 model 142 stepping 12 microcode 0xde, cmov, cx8, fxsr, mmx, sse, sse2, sse3, ssse3, sse4.1, sse4.2, popcnt, avx, avx2, aes, clmul, erms, 3dnowpref, lzcnt, ht, tsc, tscinvbit, bmi1, bmi2, adx, fma

Memory: 4k page, system-wide physical 8043M (238M free)
TotalPageFile size 32619M (AvailPageFile size 5M)
current process WorkingSet (physical memory assigned to process): 10M, peak: 10M
current process commit charge ("private bytes"): 14M, peak: 15M

vm_info: OpenJDK 64-Bit Server VM (11.0.13+0-b1751.21-8125866) for windows-amd64 JRE (11.0.13+0-b1751.21-8125866), built on Feb  2 2022 03:00:22 by "builder" with MS VC++ 14.0 (VS2015)

END.
